diff [ { ruleId: 'edit-operation-id',
    messageHtml:
     'OperationId turned from <pre><code>createOrganizationAdmins</code></pre> to <pre><code>createOrganizationAdmin</code></pre>',
    path: '/organizations/{organizationId}/admins',
    method: 'post',
    previousOperationId: 'createOrganizationAdmins',
    currentOperationId: 'createOrganizationAdmin',
    type: 'warnings',
    name: 'Major',
    apiDetails:
     { summary: 'Create a new dashboard administrator',
       description: 'Create a new dashboard administrator',
       operationId: 'createOrganizationAdmin',
       parameters: [Array],
       responses: [Object],
       tags: [Array] } },
  { ruleId: 'delete-path',
    message:
     '`/devices/{serial}/camera/analytics/zones/{zoneId}/history` - Deleted',
    path: '/devices/{serial}/camera/analytics/zones/{zoneId}/history',
    type: 'warnings',
    name: 'Major' },
  { ruleId: 'edit-operation-id',
    messageHtml:
     'OperationId turned from <pre><code>createOrganizationNetworks</code></pre> to <pre><code>createOrganizationNetwork</code></pre>',
    path: '/organizations/{organizationId}/networks',
    method: 'post',
    previousOperationId: 'createOrganizationNetworks',
    currentOperationId: 'createOrganizationNetwork',
    type: 'warnings',
    name: 'Major',
    apiDetails:
     { summary: 'Create a network',
       description: 'Create a network',
       operationId: 'createOrganizationNetwork',
       parameters: [Array],
       responses: [Object],
       tags: [Array] } },
  { ruleId: 'edit-operation-id',
    messageHtml:
     'OperationId turned from <pre><code>snapshotNetworkCamera</code></pre> to <pre><code>generateNetworkCameraSnapshot</code></pre>',
    path: '/networks/{networkId}/cameras/{serial}/snapshot',
    method: 'post',
    previousOperationId: 'snapshotNetworkCamera',
    currentOperationId: 'generateNetworkCameraSnapshot',
    type: 'warnings',
    name: 'Major',
    apiDetails:
     { summary:
        'Generate a snapshot of what the camera sees at the specified time and return a link to that image.',
       description:
        'Generate a snapshot of what the camera sees at the specified time and return a link to that image.',
       operationId: 'generateNetworkCameraSnapshot',
       parameters: [Array],
       responses: [Object],
       tags: [Array] } },
  { ruleId: 'edit-operation-id',
    messageHtml:
     'OperationId turned from <pre><code>blinkLedsNetworkDevice</code></pre> to <pre><code>blinkNetworkDeviceLeds</code></pre>',
    path: '/networks/{networkId}/devices/{serial}/blinkLeds',
    method: 'post',
    previousOperationId: 'blinkLedsNetworkDevice',
    currentOperationId: 'blinkNetworkDeviceLeds',
    type: 'warnings',
    name: 'Major',
    apiDetails:
     { summary: 'Blink the LEDs on a device',
       description: 'Blink the LEDs on a device',
       operationId: 'blinkNetworkDeviceLeds',
       parameters: [Array],
       responses: [Object],
       tags: [Array] } },
  { ruleId: 'edit-operation-id',
    messageHtml:
     'OperationId turned from <pre><code>createNetworkGroupPolicies</code></pre> to <pre><code>createNetworkGroupPolicy</code></pre>',
    path: '/networks/{networkId}/groupPolicies',
    method: 'post',
    previousOperationId: 'createNetworkGroupPolicies',
    currentOperationId: 'createNetworkGroupPolicy',
    type: 'warnings',
    name: 'Major',
    apiDetails:
     { summary: 'Create a group policy',
       description: 'Create a group policy',
       operationId: 'createNetworkGroupPolicy',
       parameters: [Array],
       responses: [Object],
       tags: [Array] } },
  { ruleId: 'edit-operation-id',
    messageHtml:
     'OperationId turned from <pre><code>createNetworkHttpServers</code></pre> to <pre><code>createNetworkHttpServer</code></pre>',
    path: '/networks/{networkId}/httpServers',
    method: 'post',
    previousOperationId: 'createNetworkHttpServers',
    currentOperationId: 'createNetworkHttpServer',
    type: 'warnings',
    name: 'Major',
    apiDetails:
     { summary: 'Add an HTTP server',
       description: 'Add an HTTP server',
       operationId: 'createNetworkHttpServer',
       parameters: [Array],
       responses: [Object],
       tags: [Array] } },
  { ruleId: 'edit-operation-id',
    messageHtml:
     'OperationId turned from <pre><code>createNetworkHttpServersWebhookTests</code></pre> to <pre><code>createNetworkHttpServersWebhookTest</code></pre>',
    path: '/networks/{networkId}/httpServers/webhookTests',
    method: 'post',
    previousOperationId: 'createNetworkHttpServersWebhookTests',
    currentOperationId: 'createNetworkHttpServersWebhookTest',
    type: 'warnings',
    name: 'Major',
    apiDetails:
     { summary: 'Send a test webhook',
       description: 'Send a test webhook',
       operationId: 'createNetworkHttpServersWebhookTest',
       parameters: [Array],
       responses: [Object],
       tags: [Array] } },
  { ruleId: 'edit-operation-id',
    messageHtml:
     'OperationId turned from <pre><code>createOrganizations</code></pre> to <pre><code>createOrganization</code></pre>',
    path: '/organizations',
    method: 'post',
    previousOperationId: 'createOrganizations',
    currentOperationId: 'createOrganization',
    type: 'warnings',
    name: 'Major',
    apiDetails:
     { summary: 'Create a new organization',
       description: 'Create a new organization',
       operationId: 'createOrganization',
       parameters: [Array],
       responses: [Object],
       tags: [Array] } },
  { ruleId: 'edit-operation-id',
    messageHtml:
     'OperationId turned from <pre><code>createNetworkPiiRequests</code></pre> to <pre><code>createNetworkPiiRequest</code></pre>',
    path: '/networks/{networkId}/pii/requests',
    method: 'post',
    previousOperationId: 'createNetworkPiiRequests',
    currentOperationId: 'createNetworkPiiRequest',
    type: 'warnings',
    name: 'Major',
    apiDetails:
     { summary: 'Submit a new delete or restrict processing PII request',
       description:
        'Submit a new delete or restrict processing PII request\n\n## ALTERNATE PATH\n\n```\n/organizations/{organizationId}/pii/requests\n```',
       operationId: 'createNetworkPiiRequest',
       parameters: [Array],
       responses: [Object],
       tags: [Array] } },
  { ruleId: 'edit-operation-id',
    messageHtml:
     'OperationId turned from <pre><code>createOrganizationSamlRoles</code></pre> to <pre><code>createOrganizationSamlRole</code></pre>',
    path: '/organizations/{organizationId}/samlRoles',
    method: 'post',
    previousOperationId: 'createOrganizationSamlRoles',
    currentOperationId: 'createOrganizationSamlRole',
    type: 'warnings',
    name: 'Major',
    apiDetails:
     { summary: 'Create a SAML role',
       description: 'Create a SAML role',
       operationId: 'createOrganizationSamlRole',
       parameters: [Array],
       responses: [Object],
       tags: [Array] } },
  { ruleId: 'edit-operation-id',
    messageHtml:
     'OperationId turned from <pre><code>createNetworkSmTargetGroups</code></pre> to <pre><code>createNetworkSmTargetGroup</code></pre>',
    path: '/networks/{networkId}/sm/targetGroups',
    method: 'post',
    previousOperationId: 'createNetworkSmTargetGroups',
    currentOperationId: 'createNetworkSmTargetGroup',
    type: 'warnings',
    name: 'Major',
    apiDetails:
     { summary: 'Add a target group',
       description: 'Add a target group',
       operationId: 'createNetworkSmTargetGroup',
       parameters: [Array],
       responses: [Object],
       tags: [Array] } },
  { ruleId: 'edit-operation-id',
    messageHtml:
     'OperationId turned from <pre><code>updateNetworkSmAppPolari</code></pre> to <pre><code>updateNetworkSmAppPolaris</code></pre>',
    path: '/networks/{network_id}/sm/app/polaris/{appId}',
    method: 'put',
    previousOperationId: 'updateNetworkSmAppPolari',
    currentOperationId: 'updateNetworkSmAppPolaris',
    type: 'warnings',
    name: 'Major',
    apiDetails:
     { summary: 'Update an existing Polaris app',
       description: 'Update an existing Polaris app',
       operationId: 'updateNetworkSmAppPolaris',
       parameters: [Array],
       responses: [Object],
       tags: [Array] } },
  { ruleId: 'edit-operation-id',
    messageHtml:
     'OperationId turned from <pre><code>deleteNetworkSmAppPolari</code></pre> to <pre><code>deleteNetworkSmAppPolaris</code></pre>',
    path: '/networks/{network_id}/sm/app/polaris/{appId}',
    method: 'delete',
    previousOperationId: 'deleteNetworkSmAppPolari',
    currentOperationId: 'deleteNetworkSmAppPolaris',
    type: 'warnings',
    name: 'Major',
    apiDetails:
     { summary: 'Delete a Cisco Polaris app',
       description: 'Delete a Cisco Polaris app',
       operationId: 'deleteNetworkSmAppPolaris',
       parameters: [Array],
       responses: [Object],
       tags: [Array] } },
  { ruleId: 'edit-operation-id',
    messageHtml:
     'OperationId turned from <pre><code>updateNetworkSmDevicesLock</code></pre> to <pre><code>lockNetworkSmDevices</code></pre>',
    path: '/networks/{network_id}/sm/devices/lock',
    method: 'put',
    previousOperationId: 'updateNetworkSmDevicesLock',
    currentOperationId: 'lockNetworkSmDevices',
    type: 'warnings',
    name: 'Major',
    apiDetails:
     { summary: 'Lock a set of devices',
       description: 'Lock a set of devices',
       operationId: 'lockNetworkSmDevices',
       parameters: [Array],
       responses: [Object],
       tags: [Array] } },
  { ruleId: 'edit-operation-id',
    messageHtml:
     'OperationId turned from <pre><code>updateNetworkSmDeviceWipe</code></pre> to <pre><code>wipeNetworkSmDevice</code></pre>',
    path: '/networks/{network_id}/sm/device/wipe',
    method: 'put',
    previousOperationId: 'updateNetworkSmDeviceWipe',
    currentOperationId: 'wipeNetworkSmDevice',
    type: 'warnings',
    name: 'Major',
    apiDetails:
     { summary: 'Wipe a device',
       description: 'Wipe a device',
       operationId: 'wipeNetworkSmDevice',
       parameters: [Array],
       responses: [Object],
       tags: [Array] } },
  { ruleId: 'edit-operation-id',
    messageHtml:
     'OperationId turned from <pre><code>updateNetworkSmDevicesCheckin</code></pre> to <pre><code>checkinNetworkSmDevices</code></pre>',
    path: '/networks/{network_id}/sm/devices/checkin',
    method: 'put',
    previousOperationId: 'updateNetworkSmDevicesCheckin',
    currentOperationId: 'checkinNetworkSmDevices',
    type: 'warnings',
    name: 'Major',
    apiDetails:
     { summary: 'Force check-in a set of devices',
       description: 'Force check-in a set of devices',
       operationId: 'checkinNetworkSmDevices',
       parameters: [Array],
       responses: [Object],
       tags: [Array] } },
  { ruleId: 'edit-operation-id',
    messageHtml:
     'OperationId turned from <pre><code>updateNetworkSmDevicesMove</code></pre> to <pre><code>moveNetworkSmDevices</code></pre>',
    path: '/networks/{network_id}/sm/devices/move',
    method: 'put',
    previousOperationId: 'updateNetworkSmDevicesMove',
    currentOperationId: 'moveNetworkSmDevices',
    type: 'warnings',
    name: 'Major',
    apiDetails:
     { summary: 'Move a set of devices to a new network',
       description: 'Move a set of devices to a new network',
       operationId: 'moveNetworkSmDevices',
       parameters: [Array],
       responses: [Object],
       tags: [Array] } },
  { ruleId: 'edit-operation-id',
    messageHtml:
     'OperationId turned from <pre><code>createNetworkSwitchStacks</code></pre> to <pre><code>createNetworkSwitchStack</code></pre>',
    path: '/networks/{networkId}/switchStacks',
    method: 'post',
    previousOperationId: 'createNetworkSwitchStacks',
    currentOperationId: 'createNetworkSwitchStack',
    type: 'warnings',
    name: 'Major',
    apiDetails:
     { summary: 'Create a stack',
       description: 'Create a stack',
       operationId: 'createNetworkSwitchStack',
       parameters: [Array],
       responses: [Object],
       tags: [Array] } },
  { ruleId: 'edit-object-property-required',
    message:
     '`paths//networks/{networkId}/syslogServers/put/parameters/updateNetworkSyslogServers/schema/properties/servers/items` - Property `host` became required',
    path:
     'paths//networks/{networkId}/syslogServers/put/parameters/updateNetworkSyslogServers/schema/properties/servers/items',
    property: 'host',
    type: 'warnings',
    name: 'Major' },
  { ruleId: 'edit-object-property-required',
    message:
     '`paths//networks/{networkId}/syslogServers/put/parameters/updateNetworkSyslogServers/schema/properties/servers/items` - Property `port` became required',
    path:
     'paths//networks/{networkId}/syslogServers/put/parameters/updateNetworkSyslogServers/schema/properties/servers/items',
    property: 'port',
    type: 'warnings',
    name: 'Major' },
  { ruleId: 'edit-object-property-required',
    message:
     '`paths//networks/{networkId}/syslogServers/put/parameters/updateNetworkSyslogServers/schema/properties/servers/items` - Property `roles` became required',
    path:
     'paths//networks/{networkId}/syslogServers/put/parameters/updateNetworkSyslogServers/schema/properties/servers/items',
    property: 'roles',
    type: 'warnings',
    name: 'Major' },
  { ruleId: 'edit-object-property-required',
    message:
     '`paths//networks/{networkId}/syslogServers/put/parameters/updateNetworkSyslogServers/schema` - Property `servers` became required',
    path:
     'paths//networks/{networkId}/syslogServers/put/parameters/updateNetworkSyslogServers/schema',
    property: 'servers',
    type: 'warnings',
    name: 'Major' },
  { ruleId: 'edit-param-required',
    message:
     '`/networks/{networkId}/syslogServers` (put) - Param `updateNetworkSyslogServers` became required',
    path: '/networks/{networkId}/syslogServers',
    method: 'put',
    param: 'updateNetworkSyslogServers',
    type: 'warnings',
    name: 'Major',
    apiDetails:
     { summary: 'Update the syslog servers for a network',
       description: 'Update the syslog servers for a network',
       operationId: 'updateNetworkSyslogServers',
       parameters: [Array],
       responses: [Object],
       tags: [Array] } },
  { ruleId: 'edit-operation-id',
    messageHtml:
     'OperationId turned from <pre><code>createNetworkStaticRoutes</code></pre> to <pre><code>createNetworkStaticRoute</code></pre>',
    path: '/networks/{networkId}/staticRoutes',
    method: 'post',
    previousOperationId: 'createNetworkStaticRoutes',
    currentOperationId: 'createNetworkStaticRoute',
    type: 'warnings',
    name: 'Major',
    apiDetails:
     { summary: 'Add a static route',
       description: 'Add a static route',
       operationId: 'createNetworkStaticRoute',
       parameters: [Array],
       responses: [Object],
       tags: [Array] } },
  { ruleId: 'edit-operation-id',
    messageHtml:
     'OperationId turned from <pre><code>createNetworkVlans</code></pre> to <pre><code>createNetworkVlan</code></pre>',
    path: '/networks/{networkId}/vlans',
    method: 'post',
    previousOperationId: 'createNetworkVlans',
    currentOperationId: 'createNetworkVlan',
    type: 'warnings',
    name: 'Major',
    apiDetails:
     { summary: 'Add a VLAN',
       description: 'Add a VLAN',
       operationId: 'createNetworkVlan',
       parameters: [Array],
       responses: [Object],
       tags: [Array] } },
  { ruleId: 'edit-param-type',
    message:
     '`/networks/{networkId}/connectionStats` (get) - Param `ssid` type turn from `string` to `integer`',
    path: '/networks/{networkId}/connectionStats',
    method: 'get',
    param: 'ssid',
    previousType: 'string',
    currentType: 'integer',
    type: 'warnings',
    name: 'Major',
    apiDetails:
     { summary: 'Aggregated connectivity info for this network',
       description: 'Aggregated connectivity info for this network',
       operationId: 'getNetworkConnectionStats',
       parameters: [Array],
       responses: [Object],
       tags: [Array] } },
  { ruleId: 'edit-param-type',
    message:
     '`/networks/{networkId}/connectionStats` (get) - Param `vlan` type turn from `string` to `integer`',
    path: '/networks/{networkId}/connectionStats',
    method: 'get',
    param: 'vlan',
    previousType: 'string',
    currentType: 'integer',
    type: 'warnings',
    name: 'Major',
    apiDetails:
     { summary: 'Aggregated connectivity info for this network',
       description: 'Aggregated connectivity info for this network',
       operationId: 'getNetworkConnectionStats',
       parameters: [Array],
       responses: [Object],
       tags: [Array] } },
  { ruleId: 'edit-param-type',
    message:
     '`/networks/{networkId}/devices/connectionStats` (get) - Param `ssid` type turn from `string` to `integer`',
    path: '/networks/{networkId}/devices/connectionStats',
    method: 'get',
    param: 'ssid',
    previousType: 'string',
    currentType: 'integer',
    type: 'warnings',
    name: 'Major',
    apiDetails:
     { summary:
        'Aggregated connectivity info for this network, grouped by node',
       description:
        'Aggregated connectivity info for this network, grouped by node',
       operationId: 'getNetworkDevicesConnectionStats',
       parameters: [Array],
       responses: [Object],
       tags: [Array] } },
  { ruleId: 'edit-param-type',
    message:
     '`/networks/{networkId}/devices/connectionStats` (get) - Param `vlan` type turn from `string` to `integer`',
    path: '/networks/{networkId}/devices/connectionStats',
    method: 'get',
    param: 'vlan',
    previousType: 'string',
    currentType: 'integer',
    type: 'warnings',
    name: 'Major',
    apiDetails:
     { summary:
        'Aggregated connectivity info for this network, grouped by node',
       description:
        'Aggregated connectivity info for this network, grouped by node',
       operationId: 'getNetworkDevicesConnectionStats',
       parameters: [Array],
       responses: [Object],
       tags: [Array] } },
  { ruleId: 'edit-param-type',
    message:
     '`/networks/{networkId}/devices/{serial}/connectionStats` (get) - Param `ssid` type turn from `string` to `integer`',
    path: '/networks/{networkId}/devices/{serial}/connectionStats',
    method: 'get',
    param: 'ssid',
    previousType: 'string',
    currentType: 'integer',
    type: 'warnings',
    name: 'Major',
    apiDetails:
     { summary:
        'Aggregated connectivity info for a given AP on this network',
       description:
        'Aggregated connectivity info for a given AP on this network',
       operationId: 'getNetworkDeviceConnectionStats',
       parameters: [Array],
       responses: [Object],
       tags: [Array] } },
  { ruleId: 'edit-param-type',
    message:
     '`/networks/{networkId}/devices/{serial}/connectionStats` (get) - Param `vlan` type turn from `string` to `integer`',
    path: '/networks/{networkId}/devices/{serial}/connectionStats',
    method: 'get',
    param: 'vlan',
    previousType: 'string',
    currentType: 'integer',
    type: 'warnings',
    name: 'Major',
    apiDetails:
     { summary:
        'Aggregated connectivity info for a given AP on this network',
       description:
        'Aggregated connectivity info for a given AP on this network',
       operationId: 'getNetworkDeviceConnectionStats',
       parameters: [Array],
       responses: [Object],
       tags: [Array] } },
  { ruleId: 'edit-param-type',
    message:
     '`/networks/{networkId}/clients/connectionStats` (get) - Param `ssid` type turn from `string` to `integer`',
    path: '/networks/{networkId}/clients/connectionStats',
    method: 'get',
    param: 'ssid',
    previousType: 'string',
    currentType: 'integer',
    type: 'warnings',
    name: 'Major',
    apiDetails:
     { summary:
        'Aggregated connectivity info for this network, grouped by clients',
       description:
        'Aggregated connectivity info for this network, grouped by clients',
       operationId: 'getNetworkClientsConnectionStats',
       parameters: [Array],
       responses: [Object],
       tags: [Array] } },
  { ruleId: 'edit-param-type',
    message:
     '`/networks/{networkId}/clients/connectionStats` (get) - Param `vlan` type turn from `string` to `integer`',
    path: '/networks/{networkId}/clients/connectionStats',
    method: 'get',
    param: 'vlan',
    previousType: 'string',
    currentType: 'integer',
    type: 'warnings',
    name: 'Major',
    apiDetails:
     { summary:
        'Aggregated connectivity info for this network, grouped by clients',
       description:
        'Aggregated connectivity info for this network, grouped by clients',
       operationId: 'getNetworkClientsConnectionStats',
       parameters: [Array],
       responses: [Object],
       tags: [Array] } },
  { ruleId: 'edit-param-type',
    message:
     '`/networks/{networkId}/clients/{clientId}/connectionStats` (get) - Param `ssid` type turn from `string` to `integer`',
    path: '/networks/{networkId}/clients/{clientId}/connectionStats',
    method: 'get',
    param: 'ssid',
    previousType: 'string',
    currentType: 'integer',
    type: 'warnings',
    name: 'Major',
    apiDetails:
     { summary:
        'Aggregated connectivity info for a given client on this network',
       description:
        'Aggregated connectivity info for a given client on this network',
       operationId: 'getNetworkClientConnectionStats',
       parameters: [Array],
       responses: [Object],
       tags: [Array] } },
  { ruleId: 'edit-param-type',
    message:
     '`/networks/{networkId}/clients/{clientId}/connectionStats` (get) - Param `vlan` type turn from `string` to `integer`',
    path: '/networks/{networkId}/clients/{clientId}/connectionStats',
    method: 'get',
    param: 'vlan',
    previousType: 'string',
    currentType: 'integer',
    type: 'warnings',
    name: 'Major',
    apiDetails:
     { summary:
        'Aggregated connectivity info for a given client on this network',
       description:
        'Aggregated connectivity info for a given client on this network',
       operationId: 'getNetworkClientConnectionStats',
       parameters: [Array],
       responses: [Object],
       tags: [Array] } },
  { ruleId: 'edit-param-type',
    message:
     '`/networks/{networkId}/latencyStats` (get) - Param `ssid` type turn from `string` to `integer`',
    path: '/networks/{networkId}/latencyStats',
    method: 'get',
    param: 'ssid',
    previousType: 'string',
    currentType: 'integer',
    type: 'warnings',
    name: 'Major',
    apiDetails:
     { summary: 'Aggregated latency info for this network',
       description: 'Aggregated latency info for this network',
       operationId: 'getNetworkLatencyStats',
       parameters: [Array],
       responses: [Object],
       tags: [Array] } },
  { ruleId: 'edit-param-type',
    message:
     '`/networks/{networkId}/latencyStats` (get) - Param `vlan` type turn from `string` to `integer`',
    path: '/networks/{networkId}/latencyStats',
    method: 'get',
    param: 'vlan',
    previousType: 'string',
    currentType: 'integer',
    type: 'warnings',
    name: 'Major',
    apiDetails:
     { summary: 'Aggregated latency info for this network',
       description: 'Aggregated latency info for this network',
       operationId: 'getNetworkLatencyStats',
       parameters: [Array],
       responses: [Object],
       tags: [Array] } },
  { ruleId: 'edit-param-type',
    message:
     '`/networks/{networkId}/devices/latencyStats` (get) - Param `ssid` type turn from `string` to `integer`',
    path: '/networks/{networkId}/devices/latencyStats',
    method: 'get',
    param: 'ssid',
    previousType: 'string',
    currentType: 'integer',
    type: 'warnings',
    name: 'Major',
    apiDetails:
     { summary: 'Aggregated latency info for this network, grouped by node',
       description: 'Aggregated latency info for this network, grouped by node',
       operationId: 'getNetworkDevicesLatencyStats',
       parameters: [Array],
       responses: [Object],
       tags: [Array] } },
  { ruleId: 'edit-param-type',
    message:
     '`/networks/{networkId}/devices/latencyStats` (get) - Param `vlan` type turn from `string` to `integer`',
    path: '/networks/{networkId}/devices/latencyStats',
    method: 'get',
    param: 'vlan',
    previousType: 'string',
    currentType: 'integer',
    type: 'warnings',
    name: 'Major',
    apiDetails:
     { summary: 'Aggregated latency info for this network, grouped by node',
       description: 'Aggregated latency info for this network, grouped by node',
       operationId: 'getNetworkDevicesLatencyStats',
       parameters: [Array],
       responses: [Object],
       tags: [Array] } },
  { ruleId: 'edit-param-type',
    message:
     '`/networks/{networkId}/devices/{serial}/latencyStats` (get) - Param `ssid` type turn from `string` to `integer`',
    path: '/networks/{networkId}/devices/{serial}/latencyStats',
    method: 'get',
    param: 'ssid',
    previousType: 'string',
    currentType: 'integer',
    type: 'warnings',
    name: 'Major',
    apiDetails:
     { summary: 'Aggregated latency info for a given AP on this network',
       description: 'Aggregated latency info for a given AP on this network',
       operationId: 'getNetworkDeviceLatencyStats',
       parameters: [Array],
       responses: [Object],
       tags: [Array] } },
  { ruleId: 'edit-param-type',
    message:
     '`/networks/{networkId}/devices/{serial}/latencyStats` (get) - Param `vlan` type turn from `string` to `integer`',
    path: '/networks/{networkId}/devices/{serial}/latencyStats',
    method: 'get',
    param: 'vlan',
    previousType: 'string',
    currentType: 'integer',
    type: 'warnings',
    name: 'Major',
    apiDetails:
     { summary: 'Aggregated latency info for a given AP on this network',
       description: 'Aggregated latency info for a given AP on this network',
       operationId: 'getNetworkDeviceLatencyStats',
       parameters: [Array],
       responses: [Object],
       tags: [Array] } },
  { ruleId: 'edit-param-type',
    message:
     '`/networks/{networkId}/clients/latencyStats` (get) - Param `ssid` type turn from `string` to `integer`',
    path: '/networks/{networkId}/clients/latencyStats',
    method: 'get',
    param: 'ssid',
    previousType: 'string',
    currentType: 'integer',
    type: 'warnings',
    name: 'Major',
    apiDetails:
     { summary:
        'Aggregated latency info for this network, grouped by clients',
       description:
        'Aggregated latency info for this network, grouped by clients',
       operationId: 'getNetworkClientsLatencyStats',
       parameters: [Array],
       responses: [Object],
       tags: [Array] } },
  { ruleId: 'edit-param-type',
    message:
     '`/networks/{networkId}/clients/latencyStats` (get) - Param `vlan` type turn from `string` to `integer`',
    path: '/networks/{networkId}/clients/latencyStats',
    method: 'get',
    param: 'vlan',
    previousType: 'string',
    currentType: 'integer',
    type: 'warnings',
    name: 'Major',
    apiDetails:
     { summary:
        'Aggregated latency info for this network, grouped by clients',
       description:
        'Aggregated latency info for this network, grouped by clients',
       operationId: 'getNetworkClientsLatencyStats',
       parameters: [Array],
       responses: [Object],
       tags: [Array] } },
  { ruleId: 'edit-param-type',
    message:
     '`/networks/{networkId}/clients/{clientId}/latencyStats` (get) - Param `ssid` type turn from `string` to `integer`',
    path: '/networks/{networkId}/clients/{clientId}/latencyStats',
    method: 'get',
    param: 'ssid',
    previousType: 'string',
    currentType: 'integer',
    type: 'warnings',
    name: 'Major',
    apiDetails:
     { summary: 'Aggregated latency info for a given client on this network',
       description: 'Aggregated latency info for a given client on this network',
       operationId: 'getNetworkClientLatencyStats',
       parameters: [Array],
       responses: [Object],
       tags: [Array] } },
  { ruleId: 'edit-param-type',
    message:
     '`/networks/{networkId}/clients/{clientId}/latencyStats` (get) - Param `vlan` type turn from `string` to `integer`',
    path: '/networks/{networkId}/clients/{clientId}/latencyStats',
    method: 'get',
    param: 'vlan',
    previousType: 'string',
    currentType: 'integer',
    type: 'warnings',
    name: 'Major',
    apiDetails:
     { summary: 'Aggregated latency info for a given client on this network',
       description: 'Aggregated latency info for a given client on this network',
       operationId: 'getNetworkClientLatencyStats',
       parameters: [Array],
       responses: [Object],
       tags: [Array] } },
  { ruleId: 'edit-param-type',
    message:
     '`/networks/{networkId}/failedConnections` (get) - Param `ssid` type turn from `string` to `integer`',
    path: '/networks/{networkId}/failedConnections',
    method: 'get',
    param: 'ssid',
    previousType: 'string',
    currentType: 'integer',
    type: 'warnings',
    name: 'Major',
    apiDetails:
     { summary:
        'List of all failed client connection events on this network in a given time range',
       description:
        'List of all failed client connection events on this network in a given time range',
       operationId: 'getNetworkFailedConnections',
       parameters: [Array],
       responses: [Object],
       tags: [Array] } },
  { ruleId: 'edit-param-type',
    message:
     '`/networks/{networkId}/failedConnections` (get) - Param `vlan` type turn from `string` to `integer`',
    path: '/networks/{networkId}/failedConnections',
    method: 'get',
    param: 'vlan',
    previousType: 'string',
    currentType: 'integer',
    type: 'warnings',
    name: 'Major',
    apiDetails:
     { summary:
        'List of all failed client connection events on this network in a given time range',
       description:
        'List of all failed client connection events on this network in a given time range',
       operationId: 'getNetworkFailedConnections',
       parameters: [Array],
       responses: [Object],
       tags: [Array] } },
  { ruleId: 'delete-param',
    message:
     '`/networks/{networkId}/cameras/{serial}/snapshot` (post) - Param `snapshotNetworkCamera` deleted',
    path: '/networks/{networkId}/cameras/{serial}/snapshot',
    method: 'post',
    param: 'snapshotNetworkCamera',
    type: 'infos',
    name: 'Changes',
    apiDetails:
     { summary:
        'Generate a snapshot of what the camera sees at the specified time and return a link to that image.',
       description:
        'Generate a snapshot of what the camera sees at the specified time and return a link to that image.',
       operationId: 'generateNetworkCameraSnapshot',
       parameters: [Array],
       responses: [Object],
       tags: [Array] } },
  { ruleId: 'add-optional-param',
    message:
     '`/networks/{networkId}/cameras/{serial}/snapshot` (post) - Optional param `generateNetworkCameraSnapshot` added',
    path: '/networks/{networkId}/cameras/{serial}/snapshot',
    method: 'post',
    param: 'generateNetworkCameraSnapshot',
    type: 'infos',
    name: 'Changes',
    apiDetails:
     { summary:
        'Generate a snapshot of what the camera sees at the specified time and return a link to that image.',
       description:
        'Generate a snapshot of what the camera sees at the specified time and return a link to that image.',
       operationId: 'generateNetworkCameraSnapshot',
       parameters: [Array],
       responses: [Object],
       tags: [Array] } },
  { ruleId: 'add-method',
    message:
     '`/organizations/{organizationId}/configTemplates/{id}` (put) - Method added',
    path: '/organizations/{organizationId}/configTemplates/{id}',
    method: 'put',
    type: 'infos',
    name: 'Changes',
    apiDetails:
     { summary: 'Update a configuration template',
       description: 'Update a configuration template',
       operationId: 'updateOrganizationConfigTemplate',
       parameters: [Array],
       responses: [Object],
       tags: [Array] } },
  { ruleId: 'delete-param',
    message:
     '`/networks/{networkId}/devices/{serial}/blinkLeds` (post) - Param `blinkLedsNetworkDevice` deleted',
    path: '/networks/{networkId}/devices/{serial}/blinkLeds',
    method: 'post',
    param: 'blinkLedsNetworkDevice',
    type: 'infos',
    name: 'Changes',
    apiDetails:
     { summary: 'Blink the LEDs on a device',
       description: 'Blink the LEDs on a device',
       operationId: 'blinkNetworkDeviceLeds',
       parameters: [Array],
       responses: [Object],
       tags: [Array] } },
  { ruleId: 'add-optional-param',
    message:
     '`/networks/{networkId}/devices/{serial}/blinkLeds` (post) - Optional param `blinkNetworkDeviceLeds` added',
    path: '/networks/{networkId}/devices/{serial}/blinkLeds',
    method: 'post',
    param: 'blinkNetworkDeviceLeds',
    type: 'infos',
    name: 'Changes',
    apiDetails:
     { summary: 'Blink the LEDs on a device',
       description: 'Blink the LEDs on a device',
       operationId: 'blinkNetworkDeviceLeds',
       parameters: [Array],
       responses: [Object],
       tags: [Array] } },
  { ruleId: 'add-optional-object-property',
    message:
     '`paths//networks/{networkId}/groupPolicies/{groupPolicyId}/put/parameters/updateNetworkGroupPolicy/schema` - Optional property `firewallAndTrafficShaping` Added',
    path:
     'paths//networks/{networkId}/groupPolicies/{groupPolicyId}/put/parameters/updateNetworkGroupPolicy/schema',
    property: 'firewallAndTrafficShaping',
    type: 'infos',
    name: 'Changes' },
  { ruleId: 'delete-param',
    message:
     '`/networks/{network_id}/sm/devices/lock` (put) - Param `updateNetworkSmDevicesLock` deleted',
    path: '/networks/{network_id}/sm/devices/lock',
    method: 'put',
    param: 'updateNetworkSmDevicesLock',
    type: 'infos',
    name: 'Changes',
    apiDetails:
     { summary: 'Lock a set of devices',
       description: 'Lock a set of devices',
       operationId: 'lockNetworkSmDevices',
       parameters: [Array],
       responses: [Object],
       tags: [Array] } },
  { ruleId: 'add-optional-param',
    message:
     '`/networks/{network_id}/sm/devices/lock` (put) - Optional param `lockNetworkSmDevices` added',
    path: '/networks/{network_id}/sm/devices/lock',
    method: 'put',
    param: 'lockNetworkSmDevices',
    type: 'infos',
    name: 'Changes',
    apiDetails:
     { summary: 'Lock a set of devices',
       description: 'Lock a set of devices',
       operationId: 'lockNetworkSmDevices',
       parameters: [Array],
       responses: [Object],
       tags: [Array] } },
  { ruleId: 'delete-param',
    message:
     '`/networks/{network_id}/sm/device/wipe` (put) - Param `updateNetworkSmDeviceWipe` deleted',
    path: '/networks/{network_id}/sm/device/wipe',
    method: 'put',
    param: 'updateNetworkSmDeviceWipe',
    type: 'infos',
    name: 'Changes',
    apiDetails:
     { summary: 'Wipe a device',
       description: 'Wipe a device',
       operationId: 'wipeNetworkSmDevice',
       parameters: [Array],
       responses: [Object],
       tags: [Array] } },
  { ruleId: 'add-optional-param',
    message:
     '`/networks/{network_id}/sm/device/wipe` (put) - Optional param `wipeNetworkSmDevice` added',
    path: '/networks/{network_id}/sm/device/wipe',
    method: 'put',
    param: 'wipeNetworkSmDevice',
    type: 'infos',
    name: 'Changes',
    apiDetails:
     { summary: 'Wipe a device',
       description: 'Wipe a device',
       operationId: 'wipeNetworkSmDevice',
       parameters: [Array],
       responses: [Object],
       tags: [Array] } },
  { ruleId: 'delete-param',
    message:
     '`/networks/{network_id}/sm/devices/checkin` (put) - Param `updateNetworkSmDevicesCheckin` deleted',
    path: '/networks/{network_id}/sm/devices/checkin',
    method: 'put',
    param: 'updateNetworkSmDevicesCheckin',
    type: 'infos',
    name: 'Changes',
    apiDetails:
     { summary: 'Force check-in a set of devices',
       description: 'Force check-in a set of devices',
       operationId: 'checkinNetworkSmDevices',
       parameters: [Array],
       responses: [Object],
       tags: [Array] } },
  { ruleId: 'add-optional-param',
    message:
     '`/networks/{network_id}/sm/devices/checkin` (put) - Optional param `checkinNetworkSmDevices` added',
    path: '/networks/{network_id}/sm/devices/checkin',
    method: 'put',
    param: 'checkinNetworkSmDevices',
    type: 'infos',
    name: 'Changes',
    apiDetails:
     { summary: 'Force check-in a set of devices',
       description: 'Force check-in a set of devices',
       operationId: 'checkinNetworkSmDevices',
       parameters: [Array],
       responses: [Object],
       tags: [Array] } },
  { ruleId: 'delete-param',
    message:
     '`/networks/{network_id}/sm/devices/move` (put) - Param `updateNetworkSmDevicesMove` deleted',
    path: '/networks/{network_id}/sm/devices/move',
    method: 'put',
    param: 'updateNetworkSmDevicesMove',
    type: 'infos',
    name: 'Changes',
    apiDetails:
     { summary: 'Move a set of devices to a new network',
       description: 'Move a set of devices to a new network',
       operationId: 'moveNetworkSmDevices',
       parameters: [Array],
       responses: [Object],
       tags: [Array] } },
  { ruleId: 'add-optional-param',
    message:
     '`/networks/{network_id}/sm/devices/move` (put) - Optional param `moveNetworkSmDevices` added',
    path: '/networks/{network_id}/sm/devices/move',
    method: 'put',
    param: 'moveNetworkSmDevices',
    type: 'infos',
    name: 'Changes',
    apiDetails:
     { summary: 'Move a set of devices to a new network',
       description: 'Move a set of devices to a new network',
       operationId: 'moveNetworkSmDevices',
       parameters: [Array],
       responses: [Object],
       tags: [Array] } },
  { ruleId: 'add-optional-object-property',
    message:
     '`paths//networks/{networkId}/ssids/{number}/put/parameters/updateNetworkSsid/schema` - Optional property `radiusAttributeForGroupPolicies` Added',
    path:
     'paths//networks/{networkId}/ssids/{number}/put/parameters/updateNetworkSsid/schema',
    property: 'radiusAttributeForGroupPolicies',
    type: 'infos',
    name: 'Changes' },
  { ruleId: 'add-optional-object-property',
    message:
     '`paths//networks/{networkId}/ssids/{number}/put/parameters/updateNetworkSsid/schema` - Optional property `radiusOverride` Added',
    path:
     'paths//networks/{networkId}/ssids/{number}/put/parameters/updateNetworkSsid/schema',
    property: 'radiusOverride',
    type: 'infos',
    name: 'Changes' },
  { ruleId: 'edit-description',
    message:
     '`/paths//networks/{networkId}/connectionStats/get/parameters/t0/` - Description turned from `Start of the requested time range in seconds since epoch (Required)` to `The beginning of the timespan for the data. The maximum lookback period is 180 days from today.`',
    descriptionPath:
     '/paths//networks/{networkId}/connectionStats/get/parameters/t0/',
    previousDescription:
     'Start of the requested time range in seconds since epoch (Required)',
    currentDescription:
     'The beginning of the timespan for the data. The maximum lookback period is 180 days from today.',
    type: 'infos',
    name: 'Changes' },
  { ruleId: 'edit-description',
    message:
     '`/paths//networks/{networkId}/connectionStats/get/parameters/t1/` - Description turned from `End of the requested time range in seconds since epoch (Required)` to `The end of the timespan for the data. t1 can be a maximum of 7 days after t0.`',
    descriptionPath:
     '/paths//networks/{networkId}/connectionStats/get/parameters/t1/',
    previousDescription:
     'End of the requested time range in seconds since epoch (Required)',
    currentDescription:
     'The end of the timespan for the data. t1 can be a maximum of 7 days after t0.',
    type: 'infos',
    name: 'Changes' },
  { ruleId: 'add-optional-param',
    message:
     '`/networks/{networkId}/connectionStats` (get) - Optional param `timespan` added',
    path: '/networks/{networkId}/connectionStats',
    method: 'get',
    param: 'timespan',
    type: 'infos',
    name: 'Changes',
    apiDetails:
     { summary: 'Aggregated connectivity info for this network',
       description: 'Aggregated connectivity info for this network',
       operationId: 'getNetworkConnectionStats',
       parameters: [Array],
       responses: [Object],
       tags: [Array] } },
  { ruleId: 'edit-description',
    message:
     '`/paths//networks/{networkId}/devices/connectionStats/get/parameters/t0/` - Description turned from `Start of the requested time range in seconds since epoch (Required)` to `The beginning of the timespan for the data. The maximum lookback period is 180 days from today.`',
    descriptionPath:
     '/paths//networks/{networkId}/devices/connectionStats/get/parameters/t0/',
    previousDescription:
     'Start of the requested time range in seconds since epoch (Required)',
    currentDescription:
     'The beginning of the timespan for the data. The maximum lookback period is 180 days from today.',
    type: 'infos',
    name: 'Changes' },
  { ruleId: 'edit-description',
    message:
     '`/paths//networks/{networkId}/devices/connectionStats/get/parameters/t1/` - Description turned from `End of the requested time range in seconds since epoch (Required)` to `The end of the timespan for the data. t1 can be a maximum of 7 days after t0.`',
    descriptionPath:
     '/paths//networks/{networkId}/devices/connectionStats/get/parameters/t1/',
    previousDescription:
     'End of the requested time range in seconds since epoch (Required)',
    currentDescription:
     'The end of the timespan for the data. t1 can be a maximum of 7 days after t0.',
    type: 'infos',
    name: 'Changes' },
  { ruleId: 'add-optional-param',
    message:
     '`/networks/{networkId}/devices/connectionStats` (get) - Optional param `timespan` added',
    path: '/networks/{networkId}/devices/connectionStats',
    method: 'get',
    param: 'timespan',
    type: 'infos',
    name: 'Changes',
    apiDetails:
     { summary:
        'Aggregated connectivity info for this network, grouped by node',
       description:
        'Aggregated connectivity info for this network, grouped by node',
       operationId: 'getNetworkDevicesConnectionStats',
       parameters: [Array],
       responses: [Object],
       tags: [Array] } },
  { ruleId: 'edit-description',
    message:
     '`/paths//networks/{networkId}/devices/{serial}/connectionStats/get/parameters/t0/` - Description turned from `Start of the requested time range in seconds since epoch (Required)` to `The beginning of the timespan for the data. The maximum lookback period is 180 days from today.`',
    descriptionPath:
     '/paths//networks/{networkId}/devices/{serial}/connectionStats/get/parameters/t0/',
    previousDescription:
     'Start of the requested time range in seconds since epoch (Required)',
    currentDescription:
     'The beginning of the timespan for the data. The maximum lookback period is 180 days from today.',
    type: 'infos',
    name: 'Changes' },
  { ruleId: 'edit-description',
    message:
     '`/paths//networks/{networkId}/devices/{serial}/connectionStats/get/parameters/t1/` - Description turned from `End of the requested time range in seconds since epoch (Required)` to `The end of the timespan for the data. t1 can be a maximum of 7 days after t0.`',
    descriptionPath:
     '/paths//networks/{networkId}/devices/{serial}/connectionStats/get/parameters/t1/',
    previousDescription:
     'End of the requested time range in seconds since epoch (Required)',
    currentDescription:
     'The end of the timespan for the data. t1 can be a maximum of 7 days after t0.',
    type: 'infos',
    name: 'Changes' },
  { ruleId: 'add-optional-param',
    message:
     '`/networks/{networkId}/devices/{serial}/connectionStats` (get) - Optional param `timespan` added',
    path: '/networks/{networkId}/devices/{serial}/connectionStats',
    method: 'get',
    param: 'timespan',
    type: 'infos',
    name: 'Changes',
    apiDetails:
     { summary:
        'Aggregated connectivity info for a given AP on this network',
       description:
        'Aggregated connectivity info for a given AP on this network',
       operationId: 'getNetworkDeviceConnectionStats',
       parameters: [Array],
       responses: [Object],
       tags: [Array] } },
  { ruleId: 'edit-description',
    message:
     '`/paths//networks/{networkId}/clients/connectionStats/get/parameters/t0/` - Description turned from `Start of the requested time range in seconds since epoch (Required)` to `The beginning of the timespan for the data. The maximum lookback period is 180 days from today.`',
    descriptionPath:
     '/paths//networks/{networkId}/clients/connectionStats/get/parameters/t0/',
    previousDescription:
     'Start of the requested time range in seconds since epoch (Required)',
    currentDescription:
     'The beginning of the timespan for the data. The maximum lookback period is 180 days from today.',
    type: 'infos',
    name: 'Changes' },
  { ruleId: 'edit-description',
    message:
     '`/paths//networks/{networkId}/clients/connectionStats/get/parameters/t1/` - Description turned from `End of the requested time range in seconds since epoch (Required)` to `The end of the timespan for the data. t1 can be a maximum of 7 days after t0.`',
    descriptionPath:
     '/paths//networks/{networkId}/clients/connectionStats/get/parameters/t1/',
    previousDescription:
     'End of the requested time range in seconds since epoch (Required)',
    currentDescription:
     'The end of the timespan for the data. t1 can be a maximum of 7 days after t0.',
    type: 'infos',
    name: 'Changes' },
  { ruleId: 'add-optional-param',
    message:
     '`/networks/{networkId}/clients/connectionStats` (get) - Optional param `timespan` added',
    path: '/networks/{networkId}/clients/connectionStats',
    method: 'get',
    param: 'timespan',
    type: 'infos',
    name: 'Changes',
    apiDetails:
     { summary:
        'Aggregated connectivity info for this network, grouped by clients',
       description:
        'Aggregated connectivity info for this network, grouped by clients',
       operationId: 'getNetworkClientsConnectionStats',
       parameters: [Array],
       responses: [Object],
       tags: [Array] } },
  { ruleId: 'edit-description',
    message:
     '`/paths//networks/{networkId}/clients/{clientId}/connectionStats/get/parameters/t0/` - Description turned from `Start of the requested time range in seconds since epoch (Required)` to `The beginning of the timespan for the data. The maximum lookback period is 180 days from today.`',
    descriptionPath:
     '/paths//networks/{networkId}/clients/{clientId}/connectionStats/get/parameters/t0/',
    previousDescription:
     'Start of the requested time range in seconds since epoch (Required)',
    currentDescription:
     'The beginning of the timespan for the data. The maximum lookback period is 180 days from today.',
    type: 'infos',
    name: 'Changes' },
  { ruleId: 'edit-description',
    message:
     '`/paths//networks/{networkId}/clients/{clientId}/connectionStats/get/parameters/t1/` - Description turned from `End of the requested time range in seconds since epoch (Required)` to `The end of the timespan for the data. t1 can be a maximum of 7 days after t0.`',
    descriptionPath:
     '/paths//networks/{networkId}/clients/{clientId}/connectionStats/get/parameters/t1/',
    previousDescription:
     'End of the requested time range in seconds since epoch (Required)',
    currentDescription:
     'The end of the timespan for the data. t1 can be a maximum of 7 days after t0.',
    type: 'infos',
    name: 'Changes' },
  { ruleId: 'add-optional-param',
    message:
     '`/networks/{networkId}/clients/{clientId}/connectionStats` (get) - Optional param `timespan` added',
    path: '/networks/{networkId}/clients/{clientId}/connectionStats',
    method: 'get',
    param: 'timespan',
    type: 'infos',
    name: 'Changes',
    apiDetails:
     { summary:
        'Aggregated connectivity info for a given client on this network',
       description:
        'Aggregated connectivity info for a given client on this network',
       operationId: 'getNetworkClientConnectionStats',
       parameters: [Array],
       responses: [Object],
       tags: [Array] } },
  { ruleId: 'edit-description',
    message:
     '`/paths//networks/{networkId}/latencyStats/get/parameters/t0/` - Description turned from `Start of the requested time range in seconds since epoch (Required)` to `The beginning of the timespan for the data. The maximum lookback period is 180 days from today.`',
    descriptionPath:
     '/paths//networks/{networkId}/latencyStats/get/parameters/t0/',
    previousDescription:
     'Start of the requested time range in seconds since epoch (Required)',
    currentDescription:
     'The beginning of the timespan for the data. The maximum lookback period is 180 days from today.',
    type: 'infos',
    name: 'Changes' },
  { ruleId: 'edit-description',
    message:
     '`/paths//networks/{networkId}/latencyStats/get/parameters/t1/` - Description turned from `End of the requested time range in seconds since epoch (Required)` to `The end of the timespan for the data. t1 can be a maximum of 7 days after t0.`',
    descriptionPath:
     '/paths//networks/{networkId}/latencyStats/get/parameters/t1/',
    previousDescription:
     'End of the requested time range in seconds since epoch (Required)',
    currentDescription:
     'The end of the timespan for the data. t1 can be a maximum of 7 days after t0.',
    type: 'infos',
    name: 'Changes' },
  { ruleId: 'add-optional-param',
    message:
     '`/networks/{networkId}/latencyStats` (get) - Optional param `timespan` added',
    path: '/networks/{networkId}/latencyStats',
    method: 'get',
    param: 'timespan',
    type: 'infos',
    name: 'Changes',
    apiDetails:
     { summary: 'Aggregated latency info for this network',
       description: 'Aggregated latency info for this network',
       operationId: 'getNetworkLatencyStats',
       parameters: [Array],
       responses: [Object],
       tags: [Array] } },
  { ruleId: 'edit-description',
    message:
     '`/paths//networks/{networkId}/devices/latencyStats/get/parameters/t0/` - Description turned from `Start of the requested time range in seconds since epoch (Required)` to `The beginning of the timespan for the data. The maximum lookback period is 180 days from today.`',
    descriptionPath:
     '/paths//networks/{networkId}/devices/latencyStats/get/parameters/t0/',
    previousDescription:
     'Start of the requested time range in seconds since epoch (Required)',
    currentDescription:
     'The beginning of the timespan for the data. The maximum lookback period is 180 days from today.',
    type: 'infos',
    name: 'Changes' },
  { ruleId: 'edit-description',
    message:
     '`/paths//networks/{networkId}/devices/latencyStats/get/parameters/t1/` - Description turned from `End of the requested time range in seconds since epoch (Required)` to `The end of the timespan for the data. t1 can be a maximum of 7 days after t0.`',
    descriptionPath:
     '/paths//networks/{networkId}/devices/latencyStats/get/parameters/t1/',
    previousDescription:
     'End of the requested time range in seconds since epoch (Required)',
    currentDescription:
     'The end of the timespan for the data. t1 can be a maximum of 7 days after t0.',
    type: 'infos',
    name: 'Changes' },
  { ruleId: 'add-optional-param',
    message:
     '`/networks/{networkId}/devices/latencyStats` (get) - Optional param `timespan` added',
    path: '/networks/{networkId}/devices/latencyStats',
    method: 'get',
    param: 'timespan',
    type: 'infos',
    name: 'Changes',
    apiDetails:
     { summary: 'Aggregated latency info for this network, grouped by node',
       description: 'Aggregated latency info for this network, grouped by node',
       operationId: 'getNetworkDevicesLatencyStats',
       parameters: [Array],
       responses: [Object],
       tags: [Array] } },
  { ruleId: 'edit-description',
    message:
     '`/paths//networks/{networkId}/devices/{serial}/latencyStats/get/parameters/t0/` - Description turned from `Start of the requested time range in seconds since epoch (Required)` to `The beginning of the timespan for the data. The maximum lookback period is 180 days from today.`',
    descriptionPath:
     '/paths//networks/{networkId}/devices/{serial}/latencyStats/get/parameters/t0/',
    previousDescription:
     'Start of the requested time range in seconds since epoch (Required)',
    currentDescription:
     'The beginning of the timespan for the data. The maximum lookback period is 180 days from today.',
    type: 'infos',
    name: 'Changes' },
  { ruleId: 'edit-description',
    message:
     '`/paths//networks/{networkId}/devices/{serial}/latencyStats/get/parameters/t1/` - Description turned from `End of the requested time range in seconds since epoch (Required)` to `The end of the timespan for the data. t1 can be a maximum of 7 days after t0.`',
    descriptionPath:
     '/paths//networks/{networkId}/devices/{serial}/latencyStats/get/parameters/t1/',
    previousDescription:
     'End of the requested time range in seconds since epoch (Required)',
    currentDescription:
     'The end of the timespan for the data. t1 can be a maximum of 7 days after t0.',
    type: 'infos',
    name: 'Changes' },
  { ruleId: 'add-optional-param',
    message:
     '`/networks/{networkId}/devices/{serial}/latencyStats` (get) - Optional param `timespan` added',
    path: '/networks/{networkId}/devices/{serial}/latencyStats',
    method: 'get',
    param: 'timespan',
    type: 'infos',
    name: 'Changes',
    apiDetails:
     { summary: 'Aggregated latency info for a given AP on this network',
       description: 'Aggregated latency info for a given AP on this network',
       operationId: 'getNetworkDeviceLatencyStats',
       parameters: [Array],
       responses: [Object],
       tags: [Array] } },
  { ruleId: 'edit-description',
    message:
     '`/paths//networks/{networkId}/clients/latencyStats/get/parameters/t0/` - Description turned from `Start of the requested time range in seconds since epoch (Required)` to `The beginning of the timespan for the data. The maximum lookback period is 180 days from today.`',
    descriptionPath:
     '/paths//networks/{networkId}/clients/latencyStats/get/parameters/t0/',
    previousDescription:
     'Start of the requested time range in seconds since epoch (Required)',
    currentDescription:
     'The beginning of the timespan for the data. The maximum lookback period is 180 days from today.',
    type: 'infos',
    name: 'Changes' },
  { ruleId: 'edit-description',
    message:
     '`/paths//networks/{networkId}/clients/latencyStats/get/parameters/t1/` - Description turned from `End of the requested time range in seconds since epoch (Required)` to `The end of the timespan for the data. t1 can be a maximum of 7 days after t0.`',
    descriptionPath:
     '/paths//networks/{networkId}/clients/latencyStats/get/parameters/t1/',
    previousDescription:
     'End of the requested time range in seconds since epoch (Required)',
    currentDescription:
     'The end of the timespan for the data. t1 can be a maximum of 7 days after t0.',
    type: 'infos',
    name: 'Changes' },
  { ruleId: 'add-optional-param',
    message:
     '`/networks/{networkId}/clients/latencyStats` (get) - Optional param `timespan` added',
    path: '/networks/{networkId}/clients/latencyStats',
    method: 'get',
    param: 'timespan',
    type: 'infos',
    name: 'Changes',
    apiDetails:
     { summary:
        'Aggregated latency info for this network, grouped by clients',
       description:
        'Aggregated latency info for this network, grouped by clients',
       operationId: 'getNetworkClientsLatencyStats',
       parameters: [Array],
       responses: [Object],
       tags: [Array] } },
  { ruleId: 'edit-description',
    message:
     '`/paths//networks/{networkId}/clients/{clientId}/latencyStats/get/parameters/t0/` - Description turned from `Start of the requested time range in seconds since epoch (Required)` to `The beginning of the timespan for the data. The maximum lookback period is 180 days from today.`',
    descriptionPath:
     '/paths//networks/{networkId}/clients/{clientId}/latencyStats/get/parameters/t0/',
    previousDescription:
     'Start of the requested time range in seconds since epoch (Required)',
    currentDescription:
     'The beginning of the timespan for the data. The maximum lookback period is 180 days from today.',
    type: 'infos',
    name: 'Changes' },
  { ruleId: 'edit-description',
    message:
     '`/paths//networks/{networkId}/clients/{clientId}/latencyStats/get/parameters/t1/` - Description turned from `End of the requested time range in seconds since epoch (Required)` to `The end of the timespan for the data. t1 can be a maximum of 7 days after t0.`',
    descriptionPath:
     '/paths//networks/{networkId}/clients/{clientId}/latencyStats/get/parameters/t1/',
    previousDescription:
     'End of the requested time range in seconds since epoch (Required)',
    currentDescription:
     'The end of the timespan for the data. t1 can be a maximum of 7 days after t0.',
    type: 'infos',
    name: 'Changes' },
  { ruleId: 'add-optional-param',
    message:
     '`/networks/{networkId}/clients/{clientId}/latencyStats` (get) - Optional param `timespan` added',
    path: '/networks/{networkId}/clients/{clientId}/latencyStats',
    method: 'get',
    param: 'timespan',
    type: 'infos',
    name: 'Changes',
    apiDetails:
     { summary: 'Aggregated latency info for a given client on this network',
       description: 'Aggregated latency info for a given client on this network',
       operationId: 'getNetworkClientLatencyStats',
       parameters: [Array],
       responses: [Object],
       tags: [Array] } },
  { ruleId: 'edit-description',
    message:
     '`/paths//networks/{networkId}/failedConnections/get/parameters/t0/` - Description turned from `Start of the requested time range in seconds since epoch (Required)` to `The beginning of the timespan for the data. The maximum lookback period is 180 days from today.`',
    descriptionPath:
     '/paths//networks/{networkId}/failedConnections/get/parameters/t0/',
    previousDescription:
     'Start of the requested time range in seconds since epoch (Required)',
    currentDescription:
     'The beginning of the timespan for the data. The maximum lookback period is 180 days from today.',
    type: 'infos',
    name: 'Changes' },
  { ruleId: 'edit-description',
    message:
     '`/paths//networks/{networkId}/failedConnections/get/parameters/t1/` - Description turned from `End of the requested time range in seconds since epoch (Required)` to `The end of the timespan for the data. t1 can be a maximum of 7 days after t0.`',
    descriptionPath:
     '/paths//networks/{networkId}/failedConnections/get/parameters/t1/',
    previousDescription:
     'End of the requested time range in seconds since epoch (Required)',
    currentDescription:
     'The end of the timespan for the data. t1 can be a maximum of 7 days after t0.',
    type: 'infos',
    name: 'Changes' },
  { ruleId: 'add-optional-param',
    message:
     '`/networks/{networkId}/failedConnections` (get) - Optional param `timespan` added',
    path: '/networks/{networkId}/failedConnections',
    method: 'get',
    param: 'timespan',
    type: 'infos',
    name: 'Changes',
    apiDetails:
     { summary:
        'List of all failed client connection events on this network in a given time range',
       description:
        'List of all failed client connection events on this network in a given time range',
       operationId: 'getNetworkFailedConnections',
       parameters: [Array],
       responses: [Object],
       tags: [Array] } },
  { ruleId: 'add-path',
    message: '`/organizations/{organizationId}/actionBatches` - Added',
    path: '/organizations/{organizationId}/actionBatches',
    type: 'infos',
    name: 'Changes',
    apiDetails: { post: [Object], get: [Object] } },
  { ruleId: 'add-path',
    message:
     '`/organizations/{organizationId}/actionBatches/{id}` - Added',
    path: '/organizations/{organizationId}/actionBatches/{id}',
    type: 'infos',
    name: 'Changes',
    apiDetails: { get: [Object], delete: [Object], put: [Object] } },
  { ruleId: 'add-path',
    message: '`/organizations/{organizationId}/networks/combine` - Added',
    path: '/organizations/{organizationId}/networks/combine',
    type: 'infos',
    name: 'Changes',
    apiDetails: { post: [Object] } },
  ... 46 more items ]
